{"name": "test_bank_operations", "status": "broken", "statusDetails": {"message": "selenium.common.exceptions.TimeoutException: Message: Balance element is not visible\nStacktrace:\n\tGetHandleVerifier [0x00007FF7737E1562+60802]\n\t(No symbol) [0x00007FF77375AC62]\n\t(No symbol) [0x00007FF773617CE4]\n\t(No symbol) [0x00007FF773666D4D]\n\t(No symbol) [0x00007FF773666E1C]\n\t(No symbol) [0x00007FF7736ACE37]\n\t(No symbol) [0x00007FF77368ABBF]\n\t(No symbol) [0x00007FF7736AA224]\n\t(No symbol) [0x00007FF77368A923]\n\t(No symbol) [0x00007FF773658FEC]\n\t(No symbol) [0x00007FF773659C21]\n\tGetHandleVerifier [0x00007FF773AE41FD+3217949]\n\tGetHandleVerifier [0x00007FF773B26197+3488183]\n\tGetHandleVerifier [0x00007FF773B1F11F+3459391]\n\tGetHandleVerifier [0x00007FF77389B926+823622]\n\t(No symbol) [0x00007FF773765FFF]\n\t(No symbol) [0x00007FF773760F24]\n\t(No symbol) [0x00007FF7737610B2]\n\t(No symbol) [0x00007FF773751904]\n\tBaseThreadInitThunk [0x00007FFDB8FF7344+20]\n\tRtlUserThreadStart [0x00007FFDB96A26B1+33]", "trace": "self = <tests.test_bank_operations.TestBankOperations object at 0x0000025E44AA4D70>\nsetup_pages = (<pages.login_page.LoginPage object at 0x0000025E44AA5400>, <pages.account_page.AccountPage object at 0x0000025E44AA6270>, <pages.transactions_page.TransactionsPage object at 0x0000025E44A892B0>)\n\n    def test_bank_operations(self, setup_pages):\n        login_page, account_page, transactions_page = setup_pages\n    \n        # Авторизация пользователя \"Harry Potter\"\n        login_page.login_as_user(\"Harry Potter\")\n    \n        # Вычисление N-го числа Фибоначчи\n        fib_number = calculate_fibonacci(date.today().day + 1)\n    \n        # Пополнение счета на сумму, равную N-му числу Фибоначчи\n        account_page.deposit(fib_number)\n    \n        # Списание со счета на ту же сумму\n        account_page.withdraw(fib_number)\n    \n        # Проверка баланса - должен быть равен 0\n>       balance = account_page.get_balance()\n\ntest_bank_operations.py:25: \n_ _ _ _ _ _ _ _ _ _ _ _ _ _ _ _ _ _ _ _ _ _ _ _ _ _ _ _ _ _ _ _ _ _ _ _ _ _ _ _\n..\\pages\\account_page.py:66: in get_balance\n    balance_element = WebDriverWait(self.driver, 10).until(\n_ _ _ _ _ _ _ _ _ _ _ _ _ _ _ _ _ _ _ _ _ _ _ _ _ _ _ _ _ _ _ _ _ _ _ _ _ _ _ _\n\nself = <selenium.webdriver.support.wait.WebDriverWait (session=\"23d352e13f58b6860ee1c680cc547841\")>\nmethod = <function visibility_of_element_located.<locals>._predicate at 0x0000025E448EE480>\nmessage = 'Balance element is not visible'\n\n    def until(self, method: Callable[[D], Union[Literal[False], T]], message: str = \"\") -> T:\n        \"\"\"Calls the method provided with the driver as an argument until the \\\n        return value does not evaluate to ``False``.\n    \n        :param method: callable(WebDriver)\n        :param message: optional message for :exc:`TimeoutException`\n        :returns: the result of the last call to `method`\n        :raises: :exc:`selenium.common.exceptions.TimeoutException` if timeout occurs\n        \"\"\"\n        screen = None\n        stacktrace = None\n    \n        end_time = time.monotonic() + self._timeout\n        while True:\n            try:\n                value = method(self._driver)\n                if value:\n                    return value\n            except self._ignored_exceptions as exc:\n                screen = getattr(exc, \"screen\", None)\n                stacktrace = getattr(exc, \"stacktrace\", None)\n            time.sleep(self._poll)\n            if time.monotonic() > end_time:\n                break\n>       raise TimeoutException(message, screen, stacktrace)\nE       selenium.common.exceptions.TimeoutException: Message: Balance element is not visible\nE       Stacktrace:\nE       \tGetHandleVerifier [0x00007FF7737E1562+60802]\nE       \t(No symbol) [0x00007FF77375AC62]\nE       \t(No symbol) [0x00007FF773617CE4]\nE       \t(No symbol) [0x00007FF773666D4D]\nE       \t(No symbol) [0x00007FF773666E1C]\nE       \t(No symbol) [0x00007FF7736ACE37]\nE       \t(No symbol) [0x00007FF77368ABBF]\nE       \t(No symbol) [0x00007FF7736AA224]\nE       \t(No symbol) [0x00007FF77368A923]\nE       \t(No symbol) [0x00007FF773658FEC]\nE       \t(No symbol) [0x00007FF773659C21]\nE       \tGetHandleVerifier [0x00007FF773AE41FD+3217949]\nE       \tGetHandleVerifier [0x00007FF773B26197+3488183]\nE       \tGetHandleVerifier [0x00007FF773B1F11F+3459391]\nE       \tGetHandleVerifier [0x00007FF77389B926+823622]\nE       \t(No symbol) [0x00007FF773765FFF]\nE       \t(No symbol) [0x00007FF773760F24]\nE       \t(No symbol) [0x00007FF7737610B2]\nE       \t(No symbol) [0x00007FF773751904]\nE       \tBaseThreadInitThunk [0x00007FFDB8FF7344+20]\nE       \tRtlUserThreadStart [0x00007FFDB96A26B1+33]\n\n..\\.venv\\Lib\\site-packages\\selenium\\webdriver\\support\\wait.py:105: TimeoutException"}, "start": 1715618068485, "stop": 1715618106818, "uuid": "86749954-748a-4272-b68c-92bf1a264748", "historyId": "3c20184b1f0f423149f775983a76d9f7", "testCaseId": "3c20184b1f0f423149f775983a76d9f7", "fullName": "tests.test_bank_operations.TestBankOperations#test_bank_operations", "labels": [{"name": "tag", "value": "@pytest.mark.usefixtures('setup_pages')"}, {"name": "parentSuite", "value": "tests"}, {"name": "suite", "value": "test_bank_operations"}, {"name": "subSuite", "value": "TestBankOperations"}, {"name": "host", "value": "Selenium"}, {"name": "thread", "value": "2468-MainThread"}, {"name": "framework", "value": "pytest"}, {"name": "language", "value": "cpython3"}, {"name": "package", "value": "tests.test_bank_operations"}]}