{"name": "test_bank_operations", "status": "broken", "statusDetails": {"message": "selenium.common.exceptions.TimeoutException: Message: \nStacktrace:\n\tGetHandleVerifier [0x00007FF630A71572+60802]\n\t(No symbol) [0x00007FF6309EAC72]\n\t(No symbol) [0x00007FF6308A7CE4]\n\t(No symbol) [0x00007FF6308F6D4D]\n\t(No symbol) [0x00007FF6308F6E1C]\n\t(No symbol) [0x00007FF63093CE37]\n\t(No symbol) [0x00007FF63091ABBF]\n\t(No symbol) [0x00007FF63093A224]\n\t(No symbol) [0x00007FF63091A923]\n\t(No symbol) [0x00007FF6308E8FEC]\n\t(No symbol) [0x00007FF6308E9C21]\n\tGetHandleVerifier [0x00007FF630D7420D+3217949]\n\tGetHandleVerifier [0x00007FF630DB61A7+3488183]\n\tGetHandleVerifier [0x00007FF630DAF12F+3459391]\n\tGetHandleVerifier [0x00007FF630B2B936+823622]\n\t(No symbol) [0x00007FF6309F600F]\n\t(No symbol) [0x00007FF6309F0F34]\n\t(No symbol) [0x00007FF6309F10C2]\n\t(No symbol) [0x00007FF6309E1914]\n\tBaseThreadInitThunk [0x00007FF97E877344+20]\n\tRtlUserThreadStart [0x00007FF97EC626B1+33]", "trace": "self = <tests.test_bank_operations.TestBankOperations object at 0x000001CEF75C1A30>\nsetup_pages = (<pages.login_page.LoginPage object at 0x000001CEF812F770>, <pages.account_page.AccountPage object at 0x000001CEF8109DC0>, <pages.transactions_page.TransactionsPage object at 0x000001CEF777FC50>)\n\n    def test_bank_operations(self, setup_pages):\n        login_page, account_page, transactions_page = setup_pages\n    \n        # Авторизация пользователя \"Harry Potter\"\n>       login_page.login_as_user(\"Harry Potter\")\n\ntest_bank_operations.py:13: \n_ _ _ _ _ _ _ _ _ _ _ _ _ _ _ _ _ _ _ _ _ _ _ _ _ _ _ _ _ _ _ _ _ _ _ _ _ _ _ _\n..\\pages\\login_page.py:45: in login_as_user\n    self.select_user(username)\n..\\pages\\login_page.py:30: in select_user\n    self.click_element(username_locator)\n..\\pages\\base_page.py:37: in click_element\n    WebDriverWait(self.driver, self.timeout).until(EC.element_to_be_clickable(locator)).click()\n_ _ _ _ _ _ _ _ _ _ _ _ _ _ _ _ _ _ _ _ _ _ _ _ _ _ _ _ _ _ _ _ _ _ _ _ _ _ _ _\n\nself = <selenium.webdriver.support.wait.WebDriverWait (session=\"da1386f2276718ffa24108a1d42a145c\")>\nmethod = <function element_to_be_clickable.<locals>._predicate at 0x000001CEF778E480>\nmessage = ''\n\n    def until(self, method: Callable[[D], Union[Literal[False], T]], message: str = \"\") -> T:\n        \"\"\"Calls the method provided with the driver as an argument until the \\\n        return value does not evaluate to ``False``.\n    \n        :param method: callable(WebDriver)\n        :param message: optional message for :exc:`TimeoutException`\n        :returns: the result of the last call to `method`\n        :raises: :exc:`selenium.common.exceptions.TimeoutException` if timeout occurs\n        \"\"\"\n        screen = None\n        stacktrace = None\n    \n        end_time = time.monotonic() + self._timeout\n        while True:\n            try:\n                value = method(self._driver)\n                if value:\n                    return value\n            except self._ignored_exceptions as exc:\n                screen = getattr(exc, \"screen\", None)\n                stacktrace = getattr(exc, \"stacktrace\", None)\n            time.sleep(self._poll)\n            if time.monotonic() > end_time:\n                break\n>       raise TimeoutException(message, screen, stacktrace)\nE       selenium.common.exceptions.TimeoutException: Message: \nE       Stacktrace:\nE       \tGetHandleVerifier [0x00007FF630A71572+60802]\nE       \t(No symbol) [0x00007FF6309EAC72]\nE       \t(No symbol) [0x00007FF6308A7CE4]\nE       \t(No symbol) [0x00007FF6308F6D4D]\nE       \t(No symbol) [0x00007FF6308F6E1C]\nE       \t(No symbol) [0x00007FF63093CE37]\nE       \t(No symbol) [0x00007FF63091ABBF]\nE       \t(No symbol) [0x00007FF63093A224]\nE       \t(No symbol) [0x00007FF63091A923]\nE       \t(No symbol) [0x00007FF6308E8FEC]\nE       \t(No symbol) [0x00007FF6308E9C21]\nE       \tGetHandleVerifier [0x00007FF630D7420D+3217949]\nE       \tGetHandleVerifier [0x00007FF630DB61A7+3488183]\nE       \tGetHandleVerifier [0x00007FF630DAF12F+3459391]\nE       \tGetHandleVerifier [0x00007FF630B2B936+823622]\nE       \t(No symbol) [0x00007FF6309F600F]\nE       \t(No symbol) [0x00007FF6309F0F34]\nE       \t(No symbol) [0x00007FF6309F10C2]\nE       \t(No symbol) [0x00007FF6309E1914]\nE       \tBaseThreadInitThunk [0x00007FF97E877344+20]\nE       \tRtlUserThreadStart [0x00007FF97EC626B1+33]\n\n..\\.venv\\Lib\\site-packages\\selenium\\webdriver\\support\\wait.py:105: TimeoutException"}, "attachments": [{"name": "log", "source": "8adcd557-fa08-4d31-bdf4-d0639d16e9c1-attachment.txt", "type": "text/plain"}], "start": 1715189197933, "stop": 1715189231681, "uuid": "44da697d-0da2-4068-82ff-2cadaf1fca3c", "historyId": "3c20184b1f0f423149f775983a76d9f7", "testCaseId": "3c20184b1f0f423149f775983a76d9f7", "fullName": "tests.test_bank_operations.TestBankOperations#test_bank_operations", "labels": [{"name": "tag", "value": "@pytest.mark.usefixtures('setup_pages')"}, {"name": "parentSuite", "value": "tests"}, {"name": "suite", "value": "test_bank_operations"}, {"name": "subSuite", "value": "TestBankOperations"}, {"name": "host", "value": "Selenium"}, {"name": "thread", "value": "7524-MainThread"}, {"name": "framework", "value": "pytest"}, {"name": "language", "value": "cpython3"}, {"name": "package", "value": "tests.test_bank_operations"}]}