{"name": "test_bank_operations", "status": "failed", "statusDetails": {"message": "AssertionError: Transactions not recorded correctly\nassert 0 >= 2\n +  where 0 = len([])", "trace": "self = <tests.test_bank_operations.TestBankOperations object at 0x000002013EBA2B70>\nsetup_pages = (<pages.login_page.LoginPage object at 0x000002013F735610>, <pages.account_page.AccountPage object at 0x000002013F736ED0>, <pages.transactions_page.TransactionsPage object at 0x000002013EBF0890>)\n\n    def test_bank_operations(self, setup_pages):\n        login_page, account_page, transactions_page = setup_pages\n    \n        # Авторизация пользователя \"Harry Potter\"\n        login_page.login_as_user(\"Harry Potter\")\n    \n        # Вычисление N-го числа Фибоначчи\n        fib_number = calculate_fibonacci(date.today().day + 1)\n    \n        # Пополнение счета на сумму, равную N-му числу Фибоначчи\n        account_page.deposit(fib_number)\n    \n        # Списание со счета на ту же сумму\n        account_page.withdraw(fib_number)\n    \n        # Проверка баланса - должен быть равен 0\n        balance = account_page.get_balance()\n        assert balance == \"0\", f\"Expected balance to be 0, but it was {balance}\"\n    \n        # Переход на страницу транзакций и проверка наличия транзакций\n        transactions_page.open_transactions_page()\n        transactions = transactions_page.get_transactions()\n>       assert len(transactions) >= 2, \"Transactions not recorded correctly\"\nE       AssertionError: Transactions not recorded correctly\nE       assert 0 >= 2\nE        +  where 0 = len([])\n\ntest_bank_operations.py:31: AssertionError"}, "start": 1715618698858, "stop": 1715618723833, "uuid": "c73f8e80-a7ef-436d-aa94-0bf2d61ef2d3", "historyId": "3c20184b1f0f423149f775983a76d9f7", "testCaseId": "3c20184b1f0f423149f775983a76d9f7", "fullName": "tests.test_bank_operations.TestBankOperations#test_bank_operations", "labels": [{"name": "tag", "value": "@pytest.mark.usefixtures('setup_pages')"}, {"name": "parentSuite", "value": "tests"}, {"name": "suite", "value": "test_bank_operations"}, {"name": "subSuite", "value": "TestBankOperations"}, {"name": "host", "value": "Selenium"}, {"name": "thread", "value": "9024-MainThread"}, {"name": "framework", "value": "pytest"}, {"name": "language", "value": "cpython3"}, {"name": "package", "value": "tests.test_bank_operations"}]}